<?xml version="1.0" encoding="UTF-8"?>
<!-- Generated by org.testng.reporters.JUnitXMLReporter -->
<testsuite ignored="0" hostname="DESKTOP-UN73C2C" failures="0" tests="2" name="ErrorValidationsTest" time="25.948" errors="0" timestamp="2025-09-20T11:33:32 IST">
  <testcase classname="taransinghlearning.Tests.ErrorValidationsTest" name="loginErrorValidation" time="3.201"/>
  <testcase classname="taransinghlearning.Tests.ErrorValidationsTest" name="productErrorValidation" time="12.692"/>
</testsuite> <!-- ErrorValidationsTest -->
