<?xml version="1.0" encoding="UTF-8"?>
<!-- Generated by org.testng.reporters.JUnitXMLReporter -->
<testsuite ignored="0" hostname="DESKTOP-UN73C2C" failures="0" tests="3" name="SubmitOrderTest" time="64.531" errors="0" timestamp="2025-09-20T11:34:09 IST">
  <testcase classname="taransinghlearning.Tests.SubmitOrderTest" name="submitOrder" time="25.689"/>
  <testcase classname="taransinghlearning.Tests.SubmitOrderTest" name="submitOrder" time="25.64"/>
  <testcase classname="taransinghlearning.Tests.SubmitOrderTest" name="verifyOrder" time="1.6"/>
</testsuite> <!-- SubmitOrderTest -->
