<?xml version="1.0" encoding="UTF-8"?>
<!-- Generated by org.testng.reporters.JUnitXMLReporter -->
<testsuite ignored="0" hostname="DESKTOP-UN73C2C" failures="0" tests="2" name="ErrorValidationsTest" time="22.777" errors="0" timestamp="2025-10-03T12:12:36 IST">
  <testcase classname="taransinghlearning.Tests.ErrorValidationsTest" name="loginErrorValidation" time="0.611"/>
  <testcase classname="taransinghlearning.Tests.ErrorValidationsTest" name="productErrorValidation" time="13.949"/>
</testsuite> <!-- ErrorValidationsTest -->
