<?xml version="1.0" encoding="UTF-8"?>
<!-- Generated by org.testng.reporters.JUnitXMLReporter -->
<testsuite ignored="2" hostname="DESKTOP-UN73C2C" failures="0" tests="0" time="0.018" errors="0" timestamp="2025-10-03T12:12:14 IST">
  <testcase classname="taransinghlearning.Tests.SubmitOrderTest" name="submitOrder" time="0.0">
    <ignored/>
  </testcase> <!-- submitOrder -->
  <testcase classname="taransinghlearning.Tests.SubmitOrderTest" name="verifyOrder" time="0.0">
    <ignored/>
  </testcase> <!-- verifyOrder -->
</testsuite>
